<?xml version="1.0" encoding="UTF-8"?>
<testng-results ignored="0" total="2" passed="2" failed="0" skipped="0">
  <reporter-output>
  </reporter-output>
  <suite started-at="2024-12-20T14:06:12 AST" name="Suite" finished-at="2024-12-20T14:07:31 AST" duration-ms="79460">
    <groups>
    </groups>
    <test started-at="2024-12-20T14:06:12 AST" name="Test" finished-at="2024-12-20T14:07:31 AST" duration-ms="79460">
      <class name="testCases.TC002_LoginTest">
        <test-method is-config="true" signature="setup()[pri:0, instance:testCases.TC002_LoginTest@e19bb76]" started-at="2024-12-20T14:07:08 AST" name="setup" finished-at="2024-12-20T14:07:15 AST" duration-ms="7434" status="PASS">
          <reporter-output>
          </reporter-output>
        </test-method> <!-- setup -->
        <test-method signature="verify_login()[pri:0, instance:testCases.TC002_LoginTest@e19bb76]" started-at="2024-12-20T14:07:15 AST" name="verify_login" finished-at="2024-12-20T14:07:31 AST" duration-ms="15357" status="PASS">
          <reporter-output>
          </reporter-output>
        </test-method> <!-- verify_login -->
        <test-method is-config="true" signature="tearup()[pri:0, instance:testCases.TC002_LoginTest@e19bb76]" started-at="2024-12-20T14:07:31 AST" name="tearup" finished-at="2024-12-20T14:07:31 AST" duration-ms="360" status="PASS">
          <reporter-output>
          </reporter-output>
        </test-method> <!-- tearup -->
      </class> <!-- testCases.TC002_LoginTest -->
      <class name="testCases.TC001_AccountRegTest">
        <test-method is-config="true" signature="setup()[pri:0, instance:testCases.TC001_AccountRegTest@4982cc36]" started-at="2024-12-20T14:06:12 AST" name="setup" finished-at="2024-12-20T14:06:22 AST" duration-ms="10403" status="PASS">
          <reporter-output>
          </reporter-output>
        </test-method> <!-- setup -->
        <test-method signature="verify_account_registration()[pri:0, instance:testCases.TC001_AccountRegTest@4982cc36]" started-at="2024-12-20T14:06:22 AST" name="verify_account_registration" finished-at="2024-12-20T14:07:08 AST" duration-ms="45461" status="PASS">
          <reporter-output>
          </reporter-output>
        </test-method> <!-- verify_account_registration -->
        <test-method is-config="true" signature="tearup()[pri:0, instance:testCases.TC001_AccountRegTest@4982cc36]" started-at="2024-12-20T14:07:08 AST" name="tearup" finished-at="2024-12-20T14:07:08 AST" duration-ms="337" status="PASS">
          <reporter-output>
          </reporter-output>
        </test-method> <!-- tearup -->
      </class> <!-- testCases.TC001_AccountRegTest -->
    </test> <!-- Test -->
  </suite> <!-- Suite -->
</testng-results>
